2021-03-17 19:26:33.149 [main] INFO  Main - [EXCEPTION - Square Root] - SQRT of negative number is not possible!
2021-03-17 19:26:33.174 [main] INFO  Main - [Square Root] - 16.0
2021-03-17 19:26:33.175 [main] INFO  Main - [RESULT - Square Root] - 4.0
2021-03-17 19:26:53.810 [main] INFO  Main - [EXCEPTION - Natural Log] - Natural Log of negative number is not possible!
2021-03-17 19:26:53.844 [main] INFO  Main - [Natural Log] - 2.0
2021-03-17 19:26:53.845 [main] INFO  Main - [RESULT - Natural Log] - 0.6931471805599453
2021-03-17 19:28:08.261 [main] INFO  Main - [Power] - 4, 2
2021-03-17 19:28:08.271 [main] INFO  Main - [RESULT - Power] - 16.0
2021-03-17 19:28:20.126 [main] INFO  Main - [Factorial] - 5
2021-03-17 19:28:20.133 [main] INFO  Main - [RESULT - Factorial] - 120
2021-03-17 19:28:20.136 [main] INFO  Main - [Factorial] - 6
2021-03-17 19:28:20.136 [main] INFO  Main - [RESULT - Factorial] - 720
2021-03-17 19:28:20.139 [main] INFO  Main - [EXCEPTION - Factorial] - Factorial of negative number is not possible!
2021-03-17 19:29:45.415 [main] INFO  Main - [Factorial] - 5
2021-03-17 19:29:45.437 [main] INFO  Main - [RESULT - Factorial] - 120
2021-03-17 19:29:45.445 [main] INFO  Main - [Factorial] - 6
2021-03-17 19:29:45.447 [main] INFO  Main - [RESULT - Factorial] - 720
2021-03-17 19:29:45.454 [main] INFO  Main - [EXCEPTION - Factorial] - Factorial of negative number is not possible!
2021-03-17 19:29:57.745 [main] INFO  Main - [EXCEPTION - Natural Log] - Natural Log of negative number is not possible!
2021-03-17 19:29:57.774 [main] INFO  Main - [Natural Log] - 2.0
2021-03-17 19:29:57.775 [main] INFO  Main - [RESULT - Natural Log] - 0.6931471805599453
2021-03-17 19:30:08.359 [main] INFO  Main - [Factorial] - 2
2021-03-17 19:30:08.362 [main] INFO  Main - [RESULT - Factorial] - 2
2021-03-17 19:30:10.729 [main] INFO  Main - [Square Root] - 3.0
2021-03-17 19:30:10.731 [main] INFO  Main - [RESULT - Square Root] - 1.7320508075688772
2021-03-17 19:30:15.461 [main] INFO  Main - [Power] - 5, 6
2021-03-17 19:30:15.462 [main] INFO  Main - [RESULT - Power] - 15625.0
2021-03-17 19:30:23.044 [main] INFO  Main - [Natural Log] - 8.0
2021-03-17 19:30:23.045 [main] INFO  Main - [RESULT - Natural Log] - 2.0794415416798357
